<?xml version="1.0" encoding="UTF-8"?>
<!-- Generated by org.testng.reporters.JUnitReportReporter -->
<testsuite skipped="0" hostname="CHINNA-D" name="flipkart.testcases.LoginPageTest" tests="2" failures="0" timestamp="25 Aug 2021 11:40:45 GMT" time="17.417" errors="0">
  <testcase name="validateLoginTest" time="10.005" classname="flipkart.testcases.LoginPageTest"/>
  <testcase name="loginProcessTest" time="7.412" classname="flipkart.testcases.LoginPageTest"/>
</testsuite> <!-- flipkart.testcases.LoginPageTest -->
