<?xml version="1.0" encoding="UTF-8"?>
<!-- Generated by org.testng.reporters.JUnitReportReporter -->
<testsuite skipped="0" hostname="CHINNA-D" name="flipkart.testcases.OppoRenoPageTest" tests="2" failures="0" timestamp="25 Aug 2021 11:40:45 GMT" time="29.886" errors="0">
  <testcase name="VerifyAddToCartButtonTest" time="14.211" classname="flipkart.testcases.OppoRenoPageTest"/>
  <testcase name="SearchProductTest" time="15.675" classname="flipkart.testcases.OppoRenoPageTest"/>
</testsuite> <!-- flipkart.testcases.OppoRenoPageTest -->
