<?xml version="1.0" encoding="UTF-8"?>
<!-- Generated by org.testng.reporters.JUnitReportReporter -->
<testsuite skipped="0" hostname="CHINNA-D" name="flipkart.testcases.OrderSummaryPageTest" tests="2" failures="0" timestamp="25 Aug 2021 11:40:45 GMT" time="55.345" errors="0">
  <testcase name="verifyOrderSummaryTextTest" time="28.798" classname="flipkart.testcases.OrderSummaryPageTest"/>
  <testcase name="paymentTest" time="26.547" classname="flipkart.testcases.OrderSummaryPageTest"/>
</testsuite> <!-- flipkart.testcases.OrderSummaryPageTest -->
