<?xml version="1.0" encoding="UTF-8"?>
<!-- Generated by org.testng.reporters.JUnitReportReporter -->
<testsuite skipped="0" hostname="CHINNA-D" name="flipkart.testcases.OppoRenoPageTest" tests="2" failures="0" timestamp="24 Aug 2021 05:41:11 GMT" time="30.676" errors="0">
  <testcase name="VerifyAddToCartButtonTest" time="15.310" classname="flipkart.testcases.OppoRenoPageTest"/>
  <testcase name="SearchProductTest" time="15.366" classname="flipkart.testcases.OppoRenoPageTest"/>
</testsuite> <!-- flipkart.testcases.OppoRenoPageTest -->
