<?xml version="1.0" encoding="UTF-8"?>
<!-- Generated by org.testng.reporters.JUnitReportReporter -->
<testsuite skipped="0" hostname="CHINNA-D" name="flipkart.testcases.MobilePageTest" tests="2" failures="0" timestamp="25 Aug 2021 11:40:45 GMT" time="26.604" errors="0">
  <testcase name="VerifyMyAccountTest" time="13.694" classname="flipkart.testcases.MobilePageTest"/>
  <testcase name="SearchProductTest" time="12.910" classname="flipkart.testcases.MobilePageTest"/>
</testsuite> <!-- flipkart.testcases.MobilePageTest -->
