<?xml version="1.0" encoding="UTF-8"?>
<!-- Generated by org.testng.reporters.JUnitReportReporter -->
<testsuite skipped="0" hostname="CHINNA-D" name="flipkart.testcases.OrderSummaryPageTest" tests="2" failures="0" timestamp="24 Aug 2021 05:41:11 GMT" time="40.970" errors="0">
  <testcase name="verifyOrderSummaryTextTest" time="19.543" classname="flipkart.testcases.OrderSummaryPageTest"/>
  <testcase name="paymentTest" time="21.427" classname="flipkart.testcases.OrderSummaryPageTest"/>
</testsuite> <!-- flipkart.testcases.OrderSummaryPageTest -->
