<?xml version="1.0" encoding="UTF-8"?>
<!-- Generated by org.testng.reporters.JUnitReportReporter -->
<testsuite skipped="0" hostname="CHINNA-D" name="flipkart.testcases.HomePageTest" tests="2" failures="0" timestamp="25 Aug 2021 11:40:45 GMT" time="21.533" errors="0">
  <testcase name="VerifyMyAccountTest" time="8.183" classname="flipkart.testcases.HomePageTest"/>
  <testcase name="SearchProductTest" time="13.350" classname="flipkart.testcases.HomePageTest"/>
</testsuite> <!-- flipkart.testcases.HomePageTest -->
