<?xml version="1.0" encoding="UTF-8"?>
<!-- Generated by org.testng.reporters.JUnitReportReporter -->
<testsuite skipped="0" hostname="CHINNA-D" name="flipkart.testcases.LoginPageTest" tests="2" failures="0" timestamp="24 Aug 2021 05:41:11 GMT" time="16.386" errors="0">
  <testcase name="validateLoginTest" time="6.883" classname="flipkart.testcases.LoginPageTest"/>
  <testcase name="loginProcessTest" time="9.503" classname="flipkart.testcases.LoginPageTest"/>
</testsuite> <!-- flipkart.testcases.LoginPageTest -->
