<?xml version="1.0" encoding="UTF-8"?>
<!-- Generated by org.testng.reporters.JUnitReportReporter -->
<testsuite skipped="0" hostname="CHINNA-D" name="flipkart.testcases.MobilePageTest" tests="2" failures="0" timestamp="24 Aug 2021 05:41:11 GMT" time="23.392" errors="0">
  <testcase name="VerifyMyAccountTest" time="11.018" classname="flipkart.testcases.MobilePageTest"/>
  <testcase name="SearchProductTest" time="12.374" classname="flipkart.testcases.MobilePageTest"/>
</testsuite> <!-- flipkart.testcases.MobilePageTest -->
