<?xml version="1.0" encoding="UTF-8"?>
<!-- Generated by org.testng.reporters.JUnitReportReporter -->
<testsuite skipped="0" hostname="CHINNA-D" name="flipkart.testcases.HomePageTest" tests="2" failures="0" timestamp="24 Aug 2021 05:41:11 GMT" time="19.082" errors="0">
  <testcase name="VerifyMyAccountTest" time="7.366" classname="flipkart.testcases.HomePageTest"/>
  <testcase name="SearchProductTest" time="11.716" classname="flipkart.testcases.HomePageTest"/>
</testsuite> <!-- flipkart.testcases.HomePageTest -->
